
2014-03-04 19:10:37...installerHook: Could not find custom/install/install_hooks.php
2014-03-04 19:10:39...installerHook: Could not find custom/install/install_hooks.php
2014-03-04 19:10:42...installerHook: Could not find custom/install/install_hooks.php
2014-03-04 19:10:45...Begin System Check Process *************
2014-03-04 19:10:45...XML Parsing Support Found
2014-03-04 19:10:45...MBString Support Found
2014-03-04 19:10:45...ZIP Support Found
2014-03-04 19:10:45.../custom directory and subdirectory check passed
2014-03-04 19:10:45...cache directory and subdirectory check passed
2014-03-04 19:10:45.../module  directory and subdirectory check passed
2014-03-04 19:10:45.../upload directory check passed
2014-03-04 19:10:45.../zip check passed
2014-03-04 19:10:45...PCRE version check passed
2014-03-04 19:10:45...installerHook: Could not find custom/install/install_hooks.php
2014-03-04 19:10:45...php.ini location found. /usr/local/lib/php.ini
2014-03-04 19:10:45...Outputting HTML for System check
2014-03-04 19:10:45...No Errors were found *************
2014-03-04 19:10:48...installerHook: Could not find custom/install/install_hooks.php
2014-03-04 19:11:23...installerHook: Could not find custom/install/install_hooks.php
2014-03-04 19:11:26...installerHook: Could not find custom/install/install_hooks.php
2014-03-04 19:11:31...Begin DB Check Process *************
2014-03-04 19:11:31...testing with mysql:mysqli
2014-03-04 19:11:31...Basic form info is valid, continuing Process.
2014-03-04 19:11:31...Testing user account...
2014-03-04 19:11:31...Connection made using  host: localhost, usr: [% db_name %]
2014-03-04 19:11:31...Testing priviliged account...
2014-03-04 19:11:31...Connection made using  host: localhost, usr: [% db_name %]
2014-03-04 19:11:31...ERROR:: The provided Database Name already exists.  You can<br>1.  hit the back button and choose a new database name <br>2.  click next and continue but all existing tables on this database will be dropped.  <strong>This means your tables and data will be blown away.</strong>
2014-03-04 19:11:31...Passed DB install check
2014-03-04 19:11:31...WARNING:: no errors detected, but DB tables will be dropped!, issuing warning to user
2014-03-04 19:11:31...End DB Check Process *************
2014-03-04 19:11:32...installerHook: Could not find custom/install/install_hooks.php
2014-03-04 19:11:41...installerHook: Could not find custom/install/install_hooks.php
2014-03-04 19:12:06...installerHook: Could not find custom/install/install_hooks.php
2014-03-04 19:12:06...calling handleSugarConfig()
2014-03-04 19:12:06...calling handleLog4Php()
2014-03-04 19:12:06...calling handleHtaccess()
2014-03-04 19:12:06...calling handleDbCharsetCollation()
2014-03-04 19:12:06...looping through all the Beans and create their tables
2014-03-04 19:12:06...processing table acl_actions
2014-03-04 19:12:06...dropping table acl_actions
2014-03-04 19:12:06...creating table acl_actions
2014-03-04 19:12:06...creating Relationship Meta for ACLAction
2014-03-04 19:12:06...processing table acl_roles
2014-03-04 19:12:06...dropping table acl_roles
2014-03-04 19:12:07...creating table acl_roles
2014-03-04 19:12:07...creating Relationship Meta for ACLRole
2014-03-04 19:12:07...processing table relationships
2014-03-04 19:12:07...dropping table relationships
2014-03-04 19:12:08...creating table relationships
2014-03-04 19:12:08...creating Relationship Meta for Relationship
2014-03-04 19:12:08...processing table leads
2014-03-04 19:12:08...dropping table leads
2014-03-04 19:12:09...creating table leads
2014-03-04 19:12:09...creating Relationship Meta for Lead
2014-03-04 19:12:10...processing table cases
2014-03-04 19:12:10...dropping table cases
2014-03-04 19:12:11...creating table cases
2014-03-04 19:12:11...creating Relationship Meta for Case
2014-03-04 19:12:12...processing table bugs
2014-03-04 19:12:12...dropping table bugs
2014-03-04 19:12:14...creating table bugs
2014-03-04 19:12:14...creating Relationship Meta for Bug
2014-03-04 19:12:14...processing table users
2014-03-04 19:12:14...dropping table users
2014-03-04 19:12:15...creating table users
2014-03-04 19:12:15...creating Relationship Meta for User
2014-03-04 19:12:15...processing table campaign_log
2014-03-04 19:12:15...dropping table campaign_log
2014-03-04 19:12:15...creating table campaign_log
2014-03-04 19:12:15...creating Relationship Meta for CampaignLog
2014-03-04 19:12:16...processing table project
2014-03-04 19:12:16...dropping table project
2014-03-04 19:12:16...creating table project
2014-03-04 19:12:16...creating Relationship Meta for Project
2014-03-04 19:12:16...processing table project_task
2014-03-04 19:12:16...dropping table project_task
2014-03-04 19:12:18...creating table project_task
2014-03-04 19:12:18...creating Relationship Meta for ProjectTask
2014-03-04 19:12:19...processing table campaigns
2014-03-04 19:12:19...dropping table campaigns
2014-03-04 19:12:20...creating table campaigns
2014-03-04 19:12:20...creating Relationship Meta for Campaign
2014-03-04 19:12:20...processing table prospect_lists
2014-03-04 19:12:20...dropping table prospect_lists
2014-03-04 19:12:21...creating table prospect_lists
2014-03-04 19:12:21...creating Relationship Meta for ProspectList
2014-03-04 19:12:21...processing table prospects
2014-03-04 19:12:21...dropping table prospects
2014-03-04 19:12:22...creating table prospects
2014-03-04 19:12:22...creating Relationship Meta for Prospect
2014-03-04 19:12:23...processing table email_marketing
2014-03-04 19:12:23...dropping table email_marketing
2014-03-04 19:12:23...creating table email_marketing
2014-03-04 19:12:23...creating Relationship Meta for EmailMarketing
2014-03-04 19:12:23...processing table campaign_trkrs
2014-03-04 19:12:23...dropping table campaign_trkrs
2014-03-04 19:12:24...creating table campaign_trkrs
2014-03-04 19:12:24...creating Relationship Meta for CampaignTracker
2014-03-04 19:12:24...processing table releases
2014-03-04 19:12:24...dropping table releases
2014-03-04 19:12:24...creating table releases
2014-03-04 19:12:24...creating Relationship Meta for Release
2014-03-04 19:12:24...processing table emailman
2014-03-04 19:12:24...dropping table emailman
2014-03-04 19:12:24...creating table emailman
2014-03-04 19:12:24...creating Relationship Meta for EmailMan
2014-03-04 19:12:24...processing table schedulers
2014-03-04 19:12:24...dropping table schedulers
2014-03-04 19:12:25...creating table schedulers
2014-03-04 19:12:25...creating Relationship Meta for Scheduler
2014-03-04 19:12:25...processing table job_queue
2014-03-04 19:12:25...dropping table job_queue
2014-03-04 19:12:25...creating table job_queue
2014-03-04 19:12:25...creating Relationship Meta for SchedulersJob
2014-03-04 19:12:25...processing table contacts
2014-03-04 19:12:25...dropping table contacts
2014-03-04 19:12:27...creating table contacts
2014-03-04 19:12:27...creating Relationship Meta for Contact
2014-03-04 19:12:29...processing table accounts
2014-03-04 19:12:29...dropping table accounts
2014-03-04 19:12:30...creating table accounts
2014-03-04 19:12:30...creating Relationship Meta for Account
2014-03-04 19:12:31...processing table opportunities
2014-03-04 19:12:31...dropping table opportunities
2014-03-04 19:12:32...creating table opportunities
2014-03-04 19:12:32...creating Relationship Meta for Opportunity
2014-03-04 19:12:32...processing table email_templates
2014-03-04 19:12:32...dropping table email_templates
2014-03-04 19:12:33...creating table email_templates
2014-03-04 19:12:33...creating Relationship Meta for EmailTemplate
2014-03-04 19:12:33...processing table notes
2014-03-04 19:12:33...dropping table notes
2014-03-04 19:12:34...creating table notes
2014-03-04 19:12:34...creating Relationship Meta for Note
2014-03-04 19:12:34...processing table calls
2014-03-04 19:12:34...dropping table calls
2014-03-04 19:12:35...creating table calls
2014-03-04 19:12:35...creating Relationship Meta for Call
2014-03-04 19:12:35...processing table emails
2014-03-04 19:12:35...dropping table emails
2014-03-04 19:12:35...creating table emails
2014-03-04 19:12:35...creating Relationship Meta for Email
2014-03-04 19:12:36...processing table meetings
2014-03-04 19:12:36...dropping table meetings
2014-03-04 19:12:37...creating table meetings
2014-03-04 19:12:37...creating Relationship Meta for Meeting
2014-03-04 19:12:37...processing table tasks
2014-03-04 19:12:37...dropping table tasks
2014-03-04 19:12:38...creating table tasks
2014-03-04 19:12:38...creating Relationship Meta for Task
2014-03-04 19:12:38...processing table users
2014-03-04 19:12:38...processing table users
2014-03-04 19:12:38...processing table currencies
2014-03-04 19:12:38...dropping table currencies
2014-03-04 19:12:38...creating table currencies
2014-03-04 19:12:38...creating Relationship Meta for Currency
2014-03-04 19:12:38...processing table tracker
2014-03-04 19:12:38...dropping table tracker
2014-03-04 19:12:39...creating table tracker
2014-03-04 19:12:39...creating Relationship Meta for Tracker
2014-03-04 19:12:39...processing table import_maps
2014-03-04 19:12:39...dropping table import_maps
2014-03-04 19:12:39...creating table import_maps
2014-03-04 19:12:39...creating Relationship Meta for ImportMap
2014-03-04 19:12:39...processing table users_last_import
2014-03-04 19:12:39...dropping table users_last_import
2014-03-04 19:12:40...creating table users_last_import
2014-03-04 19:12:40...creating Relationship Meta for UsersLastImport
2014-03-04 19:12:40...processing table config
2014-03-04 19:12:40...dropping table config
2014-03-04 19:12:40...creating table config
2014-03-04 19:12:40...creating Relationship Meta for Administration
2014-03-04 19:12:40...processing table upgrade_history
2014-03-04 19:12:40...dropping table upgrade_history
2014-03-04 19:12:41...creating table upgrade_history
2014-03-04 19:12:41...creating Relationship Meta for UpgradeHistory
2014-03-04 19:12:41...processing table vcals
2014-03-04 19:12:41...dropping table vcals
2014-03-04 19:12:41...creating table vcals
2014-03-04 19:12:41...creating Relationship Meta for vCal
2014-03-04 19:12:41...processing table versions
2014-03-04 19:12:41...dropping table versions
2014-03-04 19:12:42...creating table versions
2014-03-04 19:12:42...creating Relationship Meta for Version
2014-03-04 19:12:42...processing table roles
2014-03-04 19:12:42...dropping table roles
2014-03-04 19:12:43...creating table roles
2014-03-04 19:12:43...creating Relationship Meta for Role
2014-03-04 19:12:43...processing table documents
2014-03-04 19:12:43...dropping table documents
2014-03-04 19:12:44...creating table documents
2014-03-04 19:12:44...creating Relationship Meta for Document
2014-03-04 19:12:44...processing table document_revisions
2014-03-04 19:12:44...dropping table document_revisions
2014-03-04 19:12:44...creating table document_revisions
2014-03-04 19:12:44...creating Relationship Meta for DocumentRevision
2014-03-04 19:12:44...processing table fields_meta_data
2014-03-04 19:12:44...dropping table fields_meta_data
2014-03-04 19:12:44...creating table fields_meta_data
2014-03-04 19:12:44...creating Relationship Meta for FieldsMetaData
2014-03-04 19:12:44...processing table inbound_email
2014-03-04 19:12:44...dropping table inbound_email
2014-03-04 19:12:45...creating table inbound_email
2014-03-04 19:12:45...creating Relationship Meta for InboundEmail
2014-03-04 19:12:45...processing table saved_search
2014-03-04 19:12:45...dropping table saved_search
2014-03-04 19:12:45...creating table saved_search
2014-03-04 19:12:45...creating Relationship Meta for SavedSearch
2014-03-04 19:12:45...processing table user_preferences
2014-03-04 19:12:45...dropping table user_preferences
2014-03-04 19:12:45...creating table user_preferences
2014-03-04 19:12:45...creating Relationship Meta for UserPreference
2014-03-04 19:12:45...processing table 
2014-03-04 19:12:45...processing table email_addresses
2014-03-04 19:12:45...dropping table email_addresses
2014-03-04 19:12:46...creating table email_addresses
2014-03-04 19:12:46...creating Relationship Meta for EmailAddress
2014-03-04 19:12:46...processing table emails_text
2014-03-04 19:12:46...dropping table emails_text
2014-03-04 19:12:46...creating table emails_text
2014-03-04 19:12:46...creating Relationship Meta for EmailText
2014-03-04 19:12:46...processing table sugarfeed
2014-03-04 19:12:46...dropping table sugarfeed
2014-03-04 19:12:46...creating table sugarfeed
2014-03-04 19:12:46...creating Relationship Meta for SugarFeed
2014-03-04 19:12:46...processing table eapm
2014-03-04 19:12:46...dropping table eapm
2014-03-04 19:12:47...creating table eapm
2014-03-04 19:12:47...creating Relationship Meta for EAPM
2014-03-04 19:12:47...processing table oauth_consumer
2014-03-04 19:12:47...dropping table oauth_consumer
2014-03-04 19:12:47...creating table oauth_consumer
2014-03-04 19:12:47...creating Relationship Meta for OAuthKey
2014-03-04 19:12:47...processing table oauth_tokens
2014-03-04 19:12:47...dropping table oauth_tokens
2014-03-04 19:12:48...creating table oauth_tokens
2014-03-04 19:12:48...creating Relationship Meta for OAuthToken
2014-03-04 19:13:14...Begin creating Defaults
2014-03-04 19:13:14...insert defaults into config table
2014-03-04 19:13:14...Creating default users
2014-03-04 19:13:14...Creating default scheduler jobs
2014-03-04 19:13:15...Enable SugarFeeds
2014-03-04 19:13:15...Enable InsideView Connector
2014-03-04 19:13:15...Creating FTS logic hook
2014-03-04 19:13:15...populating the db with seed data
2014-03-04 19:13:15...Installation has completed *********
2014-03-04 19:16:48...installerHook: Could not find custom/install/install_hooks.php